2023-06-04 23:07:06,255 file.manager INFO 2.0.1
2023-06-04 23:07:06,255 file.manager INFO Copyright (C) 2003-2022, Noriaki Ando and OpenRTM development team,
2023-06-04 23:07:06,255 file.manager INFO   Intelligent Systems Research Institute, AIST,
2023-06-04 23:07:06,255 file.manager INFO Copyright (C) 2022, Noriaki Ando and OpenRTM development team,
2023-06-04 23:07:06,255 file.manager INFO   Industrial Cyber-Physical Research Center, AIST,
2023-06-04 23:07:06,255 file.manager INFO   All right reserved.
2023-06-04 23:07:06,255 file.manager INFO Manager starting.
2023-06-04 23:07:06,255 file.manager INFO Starting local logging.
2023-06-04 23:07:06,277 file.manager.namingmanager INFO NameServer connection succeeded: corba/localhost
2023-06-04 23:07:10,343 file.ManagerServant INFO Master manager not found
2023-06-04 23:07:10,344 file.LocalServiceAdmin INFO All the local services are enabled.
2023-06-04 23:07:10,347 file.manager INFO Component type conf file: save_image.conf loaded.
2023-06-04 23:07:10,348 file.ec_base INFO setRate(1000000.000000) done
2023-06-04 23:07:10,348 file.ec_base INFO setRate(1000.000000) done
2023-06-04 23:07:10,348 file.rtobject INFO 1 execution context was created.
2023-06-04 23:07:10,349 file.rtobject INFO Initial active configuration set is default.
2023-06-04 23:07:19,031 file.SdoServiceAdmin WARNING No available SDO service in the factory: 
2023-06-04 23:07:19,031 file.SdoServiceAdmin ERROR type  not exists.
2023-06-04 23:07:24,454 file.ManagerServant INFO Master manager not found
2023-06-04 23:07:34,499 file.ManagerServant INFO Master manager not found
2023-06-04 23:07:38,801 file.rtobject ERROR Traceback (most recent call last):
  File "C:\Users\kawan\AppData\Local\Programs\Python\Python39\lib\site-packages\OpenRTM_aist\DataFlowComponentBase.py", line 123, in on_execute
    ret = self.onExecute(ec_id)
  File "C:\workspace\save_image\save_image.py", line 189, in onExecute
    image = self._rawImgIn.read()
AttributeError: 'save_image' object has no attribute '_rawImgIn'

2023-06-04 23:07:44,522 file.ManagerServant INFO Master manager not found
2023-06-04 23:07:54,552 file.ManagerServant INFO Master manager not found
2023-06-04 23:08:04,585 file.ManagerServant INFO Master manager not found
2023-06-04 23:08:14,632 file.ManagerServant INFO Master manager not found
