2023-06-04 23:12:55,590 file.manager INFO 2.0.1
2023-06-04 23:12:55,590 file.manager INFO Copyright (C) 2003-2022, Noriaki Ando and OpenRTM development team,
2023-06-04 23:12:55,590 file.manager INFO   Intelligent Systems Research Institute, AIST,
2023-06-04 23:12:55,590 file.manager INFO Copyright (C) 2022, Noriaki Ando and OpenRTM development team,
2023-06-04 23:12:55,590 file.manager INFO   Industrial Cyber-Physical Research Center, AIST,
2023-06-04 23:12:55,592 file.manager INFO   All right reserved.
2023-06-04 23:12:55,592 file.manager INFO Manager starting.
2023-06-04 23:12:55,592 file.manager INFO Starting local logging.
2023-06-04 23:12:55,612 file.manager.namingmanager INFO NameServer connection succeeded: corba/localhost
2023-06-04 23:12:59,647 file.ManagerServant INFO Master manager not found
2023-06-04 23:12:59,647 file.LocalServiceAdmin INFO All the local services are enabled.
2023-06-04 23:12:59,650 file.manager INFO Component type conf file: save_image.conf loaded.
2023-06-04 23:12:59,650 file.ec_base INFO setRate(1000000.000000) done
2023-06-04 23:12:59,650 file.ec_base INFO setRate(1000.000000) done
2023-06-04 23:12:59,651 file.rtobject INFO 1 execution context was created.
2023-06-04 23:12:59,651 file.rtobject INFO Initial active configuration set is default.
2023-06-04 23:13:07,408 file.SdoServiceAdmin WARNING No available SDO service in the factory: 
2023-06-04 23:13:07,408 file.SdoServiceAdmin ERROR type  not exists.
2023-06-04 23:13:13,772 file.ManagerServant INFO Master manager not found
2023-06-04 23:13:23,793 file.ManagerServant INFO Master manager not found
2023-06-04 23:13:33,804 file.ManagerServant INFO Master manager not found
2023-06-04 23:13:43,842 file.ManagerServant INFO Master manager not found
